->;section;tareador_instrumented_section;;;;0
nw;0;[0x7328b0,+8000);global;in_fftw;3dfft_tar.c;11;-|
nw;1;[0x730970,+8000);global;out_fftw;3dfft_tar.c;14;-|
nw;2;[0x736bf0,+8);global;p1d;3dfft_tar.c;18;-|
nw;3;[0x736bf8,+8);global;p;3dfft_tar.c;17;-|
nw;4;[0x730960,+8);global;p_do_not_delete_inserted_for_tareador;/Soft/PAR/fftw3/include/fftw3.h;49;-|
nw;5;[0x7347f0,+8000);global;tmp_fftw;3dfft_tar.c;12;-|
nw;6;[0x7ffe00fcd020,+12);stack;argv[0];-|
nw;7;[0x7ffe00fcc9ac,+4);stack;unknown_name;-|
nw;8;[0x7ffe00fcc9a8,+4);stack;argc;-|
nw;9;[0x7ffe00fcc9a0,+8);stack;argv;-|
nw;10;[0x7ffe00fcc99c,+4);stack;i;-|
nw;11;[0x7ffe00fcc998,+4);stack;j;-|
nw;12;[0x7ffe00fcc994,+4);stack;k;-|
nw;13;[0x7ffe00fcc988,+8);stack;stamp;-|
nw;14;[0x7ffe00fcc984,+4);stack;errors_count;-|
  ->;section;Tareador_Main;;;;0
  us;13;loads;;stores;[0,8)
    ->;section;start_plan_forward;;;;24
    us;2;loads;;stores;[0,8)
    us;3;loads;;stores;[0,8)
    <-;section;start_plan_forward;;;;44
  us;13;loads;[0,8);stores;[0,8)
    ->;section;init_complex_grid;;;;77
    us;0;loads;;stores;[0,8000)
    us;1;loads;;stores;[0,8000)
    <-;section;init_complex_grid;;;;100519
  us;13;loads;[0,8);stores;[0,8)
    ->;section;ffts1_and_transpositions;;;;100552
    us;0;loads;[0,8000);stores;[0,8000)
    us;2;loads;[0,8);stores;
    us;5;loads;;stores;[0,8000)
    <-;section;ffts1_and_transpositions;;;;639760
  us;13;loads;[0,8);stores;[0,8)
  <-;section;Tareador_Main;;;;639780
dl;7;[0x7ffe00fcc9ac,+4);stack;unknown_name;-|
dl;8;[0x7ffe00fcc9a8,+4);stack;argc;-|
dl;9;[0x7ffe00fcc9a0,+8);stack;argv;-|
dl;10;[0x7ffe00fcc99c,+4);stack;i;-|
dl;11;[0x7ffe00fcc998,+4);stack;j;-|
dl;12;[0x7ffe00fcc994,+4);stack;k;-|
dl;13;[0x7ffe00fcc988,+8);stack;stamp;-|
dl;14;[0x7ffe00fcc984,+4);stack;errors_count;-|
<-;section;tareador_instrumented_section;;;;639780
