[{'dep_offset': 0,
  'name': 'MAIN_TAREADOR',
  'parent_ending_section': None,
  'parent_starting_section': None,
  'potential_children_tasks': [2,
                               4,
                               26,
                               28,
                               30,
                               32,
                               34,
                               36,
                               38,
                               40,
                               42,
                               44,
                               46,
                               48,
                               50,
                               52,
                               54,
                               56,
                               58,
                               60,
                               62,
                               64,
                               66,
                               68,
                               70,
                               72,
                               74,
                               76,
                               78,
                               80,
                               82,
                               84,
                               86,
                               88,
                               90,
                               92,
                               94,
                               96,
                               98,
                               100,
                               102,
                               104,
                               106,
                               108,
                               110,
                               112,
                               114,
                               116,
                               118,
                               120,
                               122,
                               124,
                               126,
                               128,
                               130,
                               132,
                               134,
                               136,
                               138,
                               140,
                               142,
                               144,
                               146,
                               148,
                               150,
                               152,
                               154,
                               156,
                               158,
                               160,
                               162,
                               164,
                               166,
                               168,
                               170,
                               172,
                               174,
                               176,
                               178,
                               180,
                               182,
                               184,
                               186,
                               188,
                               190,
                               192,
                               194,
                               196,
                               198,
                               200,
                               202,
                               204,
                               206,
                               208,
                               210,
                               212,
                               214,
                               216,
                               218,
                               220,
                               222,
                               224,
                               226,
                               228,
                               230,
                               232,
                               234,
                               236,
                               238,
                               240,
                               242,
                               244,
                               246,
                               248,
                               250,
                               252,
                               254,
                               256,
                               258,
                               260,
                               262,
                               264,
                               266,
                               268,
                               270,
                               272,
                               274,
                               276,
                               278,
                               280,
                               282,
                               284,
                               286,
                               288,
                               290,
                               292,
                               294,
                               296,
                               298,
                               300,
                               302,
                               304,
                               306,
                               308,
                               310,
                               312,
                               314,
                               316,
                               318,
                               320,
                               322,
                               324,
                               326,
                               328,
                               330,
                               332,
                               334,
                               336,
                               338,
                               340,
                               342,
                               344,
                               346,
                               348,
                               350,
                               352,
                               354,
                               356,
                               358,
                               360,
                               362,
                               364,
                               366,
                               368,
                               370,
                               372,
                               374,
                               376,
                               378,
                               380,
                               382,
                               384,
                               386,
                               388,
                               390,
                               392,
                               394,
                               396,
                               398,
                               400,
                               402,
                               404,
                               406,
                               408,
                               410,
                               412,
                               414,
                               416,
                               418,
                               420,
                               422,
                               424,
                               426,
                               428,
                               430,
                               432,
                               434,
                               436,
                               438,
                               440,
                               442,
                               444,
                               446,
                               448,
                               450,
                               452,
                               454,
                               456,
                               458,
                               460,
                               462,
                               464,
                               466,
                               468,
                               470,
                               472,
                               474,
                               476,
                               478,
                               480,
                               482,
                               484,
                               486,
                               488,
                               490,
                               492,
                               494,
                               496,
                               498,
                               500,
                               502,
                               504,
                               506,
                               508,
                               510,
                               512,
                               514,
                               516,
                               518,
                               520,
                               522,
                               524],
  'starting_section': 1,
  'task_id': 0,
  'task_sections_cnt': 5,
  'usage_offset': 0},
 {'dep_offset': 28586,
  'name': 'start_plan_forward',
  'parent_ending_section': 525,
  'parent_starting_section': 1,
  'potential_children_tasks': [],
  'starting_section': 2,
  'task_id': 1,
  'task_sections_cnt': 1,
  'usage_offset': 1931},
 {'dep_offset': 28868,
  'name': 'init_complex_grid',
  'parent_ending_section': 525,
  'parent_starting_section': 1,
  'potential_children_tasks': [5, 7, 9, 11, 13, 15, 17, 19, 21, 23],
  'starting_section': 4,
  'task_id': 2,
  'task_sections_cnt': 2,
  'usage_offset': 2050},
 {'dep_offset': 30983,
  'name': 'grid_bro',
  'parent_ending_section': 24,
  'parent_starting_section': 4,
  'potential_children_tasks': [],
  'starting_section': 5,
  'task_id': 3,
  'task_sections_cnt': 1,
  'usage_offset': 2280},
 {'dep_offset': 31199,
  'name': 'grid_bro',
  'parent_ending_section': 24,
  'parent_starting_section': 4,
  'potential_children_tasks': [],
  'starting_section': 7,
  'task_id': 4,
  'task_sections_cnt': 1,
  'usage_offset': 2537},
 {'dep_offset': 31418,
  'name': 'grid_bro',
  'parent_ending_section': 24,
  'parent_starting_section': 4,
  'potential_children_tasks': [],
  'starting_section': 9,
  'task_id': 5,
  'task_sections_cnt': 1,
  'usage_offset': 2806},
 {'dep_offset': 31638,
  'name': 'grid_bro',
  'parent_ending_section': 24,
  'parent_starting_section': 4,
  'potential_children_tasks': [],
  'starting_section': 11,
  'task_id': 6,
  'task_sections_cnt': 1,
  'usage_offset': 3077},
 {'dep_offset': 31858,
  'name': 'grid_bro',
  'parent_ending_section': 24,
  'parent_starting_section': 4,
  'potential_children_tasks': [],
  'starting_section': 13,
  'task_id': 7,
  'task_sections_cnt': 1,
  'usage_offset': 3352},
 {'dep_offset': 32078,
  'name': 'grid_bro',
  'parent_ending_section': 24,
  'parent_starting_section': 4,
  'potential_children_tasks': [],
  'starting_section': 15,
  'task_id': 8,
  'task_sections_cnt': 1,
  'usage_offset': 3627},
 {'dep_offset': 32298,
  'name': 'grid_bro',
  'parent_ending_section': 24,
  'parent_starting_section': 4,
  'potential_children_tasks': [],
  'starting_section': 17,
  'task_id': 9,
  'task_sections_cnt': 1,
  'usage_offset': 3902},
 {'dep_offset': 32518,
  'name': 'grid_bro',
  'parent_ending_section': 24,
  'parent_starting_section': 4,
  'potential_children_tasks': [],
  'starting_section': 19,
  'task_id': 10,
  'task_sections_cnt': 1,
  'usage_offset': 4177},
 {'dep_offset': 32741,
  'name': 'grid_bro',
  'parent_ending_section': 24,
  'parent_starting_section': 4,
  'potential_children_tasks': [],
  'starting_section': 21,
  'task_id': 11,
  'task_sections_cnt': 1,
  'usage_offset': 4454},
 {'dep_offset': 32964,
  'name': 'grid_bro',
  'parent_ending_section': 24,
  'parent_starting_section': 4,
  'potential_children_tasks': [],
  'starting_section': 23,
  'task_id': 12,
  'task_sections_cnt': 1,
  'usage_offset': 4731},
 {'dep_offset': 33187,
  'name': 'hello_its_me',
  'parent_ending_section': 525,
  'parent_starting_section': 1,
  'potential_children_tasks': [],
  'starting_section': 26,
  'task_id': 13,
  'task_sections_cnt': 1,
  'usage_offset': 5010},
 {'dep_offset': 34042,
  'name': 'hello_its_me',
  'parent_ending_section': 525,
  'parent_starting_section': 1,
  'potential_children_tasks': [],
  'starting_section': 28,
  'task_id': 14,
  'task_sections_cnt': 1,
  'usage_offset': 5355},
 {'dep_offset': 34919,
  'name': 'hello_its_me',
  'parent_ending_section': 525,
  'parent_starting_section': 1,
  'potential_children_tasks': [],
  'starting_section': 30,
  'task_id': 15,
  'task_sections_cnt': 1,
  'usage_offset': 5712},
 {'dep_offset': 35802,
  'name': 'hello_its_me',
  'parent_ending_section': 525,
  'parent_starting_section': 1,
  'potential_children_tasks': [],
  'starting_section': 32,
  'task_id': 16,
  'task_sections_cnt': 1,
  'usage_offset': 6073},
 {'dep_offset': 36685,
  'name': 'hello_its_me',
  'parent_ending_section': 525,
  'parent_starting_section': 1,
  'potential_children_tasks': [],
  'starting_section': 34,
  'task_id': 17,
  'task_sections_cnt': 1,
  'usage_offset': 6434},
 {'dep_offset': 37568,
  'name': 'hello_its_me',
  'parent_ending_section': 525,
  'parent_starting_section': 1,
  'potential_children_tasks': [],
  'starting_section': 36,
  'task_id': 18,
  'task_sections_cnt': 1,
  'usage_offset': 6795},
 {'dep_offset': 38451,
  'name': 'hello_its_me',
  'parent_ending_section': 525,
  'parent_starting_section': 1,
  'potential_children_tasks': [],
  'starting_section': 38,
  'task_id': 19,
  'task_sections_cnt': 1,
  'usage_offset': 7156},
 {'dep_offset': 39334,
  'name': 'hello_its_me',
  'parent_ending_section': 525,
  'parent_starting_section': 1,
  'potential_children_tasks': [],
  'starting_section': 40,
  'task_id': 20,
  'task_sections_cnt': 1,
  'usage_offset': 7517},
 {'dep_offset': 40220,
  'name': 'hello_its_me',
  'parent_ending_section': 525,
  'parent_starting_section': 1,
  'potential_children_tasks': [],
  'starting_section': 42,
  'task_id': 21,
  'task_sections_cnt': 1,
  'usage_offset': 7878},
 {'dep_offset': 41113,
  'name': 'hello_its_me',
  'parent_ending_section': 525,
  'parent_starting_section': 1,
  'potential_children_tasks': [],
  'starting_section': 44,
  'task_id': 22,
  'task_sections_cnt': 1,
  'usage_offset': 8239},
 {'dep_offset': 42007,
  'name': 'transpose_xy_planes',
  'parent_ending_section': 525,
  'parent_starting_section': 1,
  'potential_children_tasks': [],
  'starting_section': 46,
  'task_id': 23,
  'task_sections_cnt': 1,
  'usage_offset': 8600},
 {'dep_offset': 42392,
  'name': 'transpose_xy_planes',
  'parent_ending_section': 525,
  'parent_starting_section': 1,
  'potential_children_tasks': [],
  'starting_section': 48,
  'task_id': 24,
  'task_sections_cnt': 1,
  'usage_offset': 9220},
 {'dep_offset': 42780,
  'name': 'transpose_xy_planes',
  'parent_ending_section': 525,
  'parent_starting_section': 1,
  'potential_children_tasks': [],
  'starting_section': 50,
  'task_id': 25,
  'task_sections_cnt': 1,
  'usage_offset': 9846},
 {'dep_offset': 43171,
  'name': 'transpose_xy_planes',
  'parent_ending_section': 525,
  'parent_starting_section': 1,
  'potential_children_tasks': [],
  'starting_section': 52,
  'task_id': 26,
  'task_sections_cnt': 1,
  'usage_offset': 10478},
 {'dep_offset': 43563,
  'name': 'transpose_xy_planes',
  'parent_ending_section': 525,
  'parent_starting_section': 1,
  'potential_children_tasks': [],
  'starting_section': 54,
  'task_id': 27,
  'task_sections_cnt': 1,
  'usage_offset': 11112},
 {'dep_offset': 43955,
  'name': 'transpose_xy_planes',
  'parent_ending_section': 525,
  'parent_starting_section': 1,
  'potential_children_tasks': [],
  'starting_section': 56,
  'task_id': 28,
  'task_sections_cnt': 1,
  'usage_offset': 11746},
 {'dep_offset': 44347,
  'name': 'transpose_xy_planes',
  'parent_ending_section': 525,
  'parent_starting_section': 1,
  'potential_children_tasks': [],
  'starting_section': 58,
  'task_id': 29,
  'task_sections_cnt': 1,
  'usage_offset': 12380},
 {'dep_offset': 44739,
  'name': 'transpose_xy_planes',
  'parent_ending_section': 525,
  'parent_starting_section': 1,
  'potential_children_tasks': [],
  'starting_section': 60,
  'task_id': 30,
  'task_sections_cnt': 1,
  'usage_offset': 13014},
 {'dep_offset': 45131,
  'name': 'transpose_xy_planes',
  'parent_ending_section': 525,
  'parent_starting_section': 1,
  'potential_children_tasks': [],
  'starting_section': 62,
  'task_id': 31,
  'task_sections_cnt': 1,
  'usage_offset': 13648},
 {'dep_offset': 45523,
  'name': 'transpose_xy_planes',
  'parent_ending_section': 525,
  'parent_starting_section': 1,
  'potential_children_tasks': [],
  'starting_section': 64,
  'task_id': 32,
  'task_sections_cnt': 1,
  'usage_offset': 14282},
 {'dep_offset': 45915,
  'name': 'transpose_xy_planes',
  'parent_ending_section': 525,
  'parent_starting_section': 1,
  'potential_children_tasks': [],
  'starting_section': 66,
  'task_id': 33,
  'task_sections_cnt': 1,
  'usage_offset': 14916},
 {'dep_offset': 46323,
  'name': 'transpose_xy_planes',
  'parent_ending_section': 525,
  'parent_starting_section': 1,
  'potential_children_tasks': [],
  'starting_section': 68,
  'task_id': 34,
  'task_sections_cnt': 1,
  'usage_offset': 15582},
 {'dep_offset': 46731,
  'name': 'transpose_xy_planes',
  'parent_ending_section': 525,
  'parent_starting_section': 1,
  'potential_children_tasks': [],
  'starting_section': 70,
  'task_id': 35,
  'task_sections_cnt': 1,
  'usage_offset': 16248},
 {'dep_offset': 47140,
  'name': 'transpose_xy_planes',
  'parent_ending_section': 525,
  'parent_starting_section': 1,
  'potential_children_tasks': [],
  'starting_section': 72,
  'task_id': 36,
  'task_sections_cnt': 1,
  'usage_offset': 16916},
 {'dep_offset': 47550,
  'name': 'transpose_xy_planes',
  'parent_ending_section': 525,
  'parent_starting_section': 1,
  'potential_children_tasks': [],
  'starting_section': 74,
  'task_id': 37,
  'task_sections_cnt': 1,
  'usage_offset': 17586},
 {'dep_offset': 47961,
  'name': 'transpose_xy_planes',
  'parent_ending_section': 525,
  'parent_starting_section': 1,
  'potential_children_tasks': [],
  'starting_section': 76,
  'task_id': 38,
  'task_sections_cnt': 1,
  'usage_offset': 18258},
 {'dep_offset': 48373,
  'name': 'transpose_xy_planes',
  'parent_ending_section': 525,
  'parent_starting_section': 1,
  'potential_children_tasks': [],
  'starting_section': 78,
  'task_id': 39,
  'task_sections_cnt': 1,
  'usage_offset': 18932},
 {'dep_offset': 48785,
  'name': 'transpose_xy_planes',
  'parent_ending_section': 525,
  'parent_starting_section': 1,
  'potential_children_tasks': [],
  'starting_section': 80,
  'task_id': 40,
  'task_sections_cnt': 1,
  'usage_offset': 19606},
 {'dep_offset': 49197,
  'name': 'transpose_xy_planes',
  'parent_ending_section': 525,
  'parent_starting_section': 1,
  'potential_children_tasks': [],
  'starting_section': 82,
  'task_id': 41,
  'task_sections_cnt': 1,
  'usage_offset': 20280},
 {'dep_offset': 49609,
  'name': 'transpose_xy_planes',
  'parent_ending_section': 525,
  'parent_starting_section': 1,
  'potential_children_tasks': [],
  'starting_section': 84,
  'task_id': 42,
  'task_sections_cnt': 1,
  'usage_offset': 20954},
 {'dep_offset': 50021,
  'name': 'transpose_xy_planes',
  'parent_ending_section': 525,
  'parent_starting_section': 1,
  'potential_children_tasks': [],
  'starting_section': 86,
  'task_id': 43,
  'task_sections_cnt': 1,
  'usage_offset': 21628},
 {'dep_offset': 50437,
  'name': 'transpose_xy_planes',
  'parent_ending_section': 525,
  'parent_starting_section': 1,
  'potential_children_tasks': [],
  'starting_section': 88,
  'task_id': 44,
  'task_sections_cnt': 1,
  'usage_offset': 22310},
 {'dep_offset': 50853,
  'name': 'transpose_xy_planes',
  'parent_ending_section': 525,
  'parent_starting_section': 1,
  'potential_children_tasks': [],
  'starting_section': 90,
  'task_id': 45,
  'task_sections_cnt': 1,
  'usage_offset': 22992},
 {'dep_offset': 51269,
  'name': 'transpose_xy_planes',
  'parent_ending_section': 525,
  'parent_starting_section': 1,
  'potential_children_tasks': [],
  'starting_section': 92,
  'task_id': 46,
  'task_sections_cnt': 1,
  'usage_offset': 23674},
 {'dep_offset': 51685,
  'name': 'transpose_xy_planes',
  'parent_ending_section': 525,
  'parent_starting_section': 1,
  'potential_children_tasks': [],
  'starting_section': 94,
  'task_id': 47,
  'task_sections_cnt': 1,
  'usage_offset': 24356},
 {'dep_offset': 52101,
  'name': 'transpose_xy_planes',
  'parent_ending_section': 525,
  'parent_starting_section': 1,
  'potential_children_tasks': [],
  'starting_section': 96,
  'task_id': 48,
  'task_sections_cnt': 1,
  'usage_offset': 25038},
 {'dep_offset': 52517,
  'name': 'transpose_xy_planes',
  'parent_ending_section': 525,
  'parent_starting_section': 1,
  'potential_children_tasks': [],
  'starting_section': 98,
  'task_id': 49,
  'task_sections_cnt': 1,
  'usage_offset': 25720},
 {'dep_offset': 52933,
  'name': 'transpose_xy_planes',
  'parent_ending_section': 525,
  'parent_starting_section': 1,
  'potential_children_tasks': [],
  'starting_section': 100,
  'task_id': 50,
  'task_sections_cnt': 1,
  'usage_offset': 26402},
 {'dep_offset': 53349,
  'name': 'transpose_xy_planes',
  'parent_ending_section': 525,
  'parent_starting_section': 1,
  'potential_children_tasks': [],
  'starting_section': 102,
  'task_id': 51,
  'task_sections_cnt': 1,
  'usage_offset': 27088},
 {'dep_offset': 53765,
  'name': 'transpose_xy_planes',
  'parent_ending_section': 525,
  'parent_starting_section': 1,
  'potential_children_tasks': [],
  'starting_section': 104,
  'task_id': 52,
  'task_sections_cnt': 1,
  'usage_offset': 27774},
 {'dep_offset': 54181,
  'name': 'transpose_xy_planes',
  'parent_ending_section': 525,
  'parent_starting_section': 1,
  'potential_children_tasks': [],
  'starting_section': 106,
  'task_id': 53,
  'task_sections_cnt': 1,
  'usage_offset': 28460},
 {'dep_offset': 54597,
  'name': 'transpose_xy_planes',
  'parent_ending_section': 525,
  'parent_starting_section': 1,
  'potential_children_tasks': [],
  'starting_section': 108,
  'task_id': 54,
  'task_sections_cnt': 1,
  'usage_offset': 29146},
 {'dep_offset': 55013,
  'name': 'transpose_xy_planes',
  'parent_ending_section': 525,
  'parent_starting_section': 1,
  'potential_children_tasks': [],
  'starting_section': 110,
  'task_id': 55,
  'task_sections_cnt': 1,
  'usage_offset': 29832},
 {'dep_offset': 55429,
  'name': 'transpose_xy_planes',
  'parent_ending_section': 525,
  'parent_starting_section': 1,
  'potential_children_tasks': [],
  'starting_section': 112,
  'task_id': 56,
  'task_sections_cnt': 1,
  'usage_offset': 30518},
 {'dep_offset': 55845,
  'name': 'transpose_xy_planes',
  'parent_ending_section': 525,
  'parent_starting_section': 1,
  'potential_children_tasks': [],
  'starting_section': 114,
  'task_id': 57,
  'task_sections_cnt': 1,
  'usage_offset': 31204},
 {'dep_offset': 56261,
  'name': 'transpose_xy_planes',
  'parent_ending_section': 525,
  'parent_starting_section': 1,
  'potential_children_tasks': [],
  'starting_section': 116,
  'task_id': 58,
  'task_sections_cnt': 1,
  'usage_offset': 31890},
 {'dep_offset': 56677,
  'name': 'transpose_xy_planes',
  'parent_ending_section': 525,
  'parent_starting_section': 1,
  'potential_children_tasks': [],
  'starting_section': 118,
  'task_id': 59,
  'task_sections_cnt': 1,
  'usage_offset': 32576},
 {'dep_offset': 57093,
  'name': 'transpose_xy_planes',
  'parent_ending_section': 525,
  'parent_starting_section': 1,
  'potential_children_tasks': [],
  'starting_section': 120,
  'task_id': 60,
  'task_sections_cnt': 1,
  'usage_offset': 33262},
 {'dep_offset': 57509,
  'name': 'transpose_xy_planes',
  'parent_ending_section': 525,
  'parent_starting_section': 1,
  'potential_children_tasks': [],
  'starting_section': 122,
  'task_id': 61,
  'task_sections_cnt': 1,
  'usage_offset': 33948},
 {'dep_offset': 57925,
  'name': 'transpose_xy_planes',
  'parent_ending_section': 525,
  'parent_starting_section': 1,
  'potential_children_tasks': [],
  'starting_section': 124,
  'task_id': 62,
  'task_sections_cnt': 1,
  'usage_offset': 34634},
 {'dep_offset': 58341,
  'name': 'transpose_xy_planes',
  'parent_ending_section': 525,
  'parent_starting_section': 1,
  'potential_children_tasks': [],
  'starting_section': 126,
  'task_id': 63,
  'task_sections_cnt': 1,
  'usage_offset': 35320},
 {'dep_offset': 58757,
  'name': 'transpose_xy_planes',
  'parent_ending_section': 525,
  'parent_starting_section': 1,
  'potential_children_tasks': [],
  'starting_section': 128,
  'task_id': 64,
  'task_sections_cnt': 1,
  'usage_offset': 36006},
 {'dep_offset': 59173,
  'name': 'transpose_xy_planes',
  'parent_ending_section': 525,
  'parent_starting_section': 1,
  'potential_children_tasks': [],
  'starting_section': 130,
  'task_id': 65,
  'task_sections_cnt': 1,
  'usage_offset': 36692},
 {'dep_offset': 59589,
  'name': 'transpose_xy_planes',
  'parent_ending_section': 525,
  'parent_starting_section': 1,
  'potential_children_tasks': [],
  'starting_section': 132,
  'task_id': 66,
  'task_sections_cnt': 1,
  'usage_offset': 37378},
 {'dep_offset': 60005,
  'name': 'transpose_xy_planes',
  'parent_ending_section': 525,
  'parent_starting_section': 1,
  'potential_children_tasks': [],
  'starting_section': 134,
  'task_id': 67,
  'task_sections_cnt': 1,
  'usage_offset': 38064},
 {'dep_offset': 60421,
  'name': 'transpose_xy_planes',
  'parent_ending_section': 525,
  'parent_starting_section': 1,
  'potential_children_tasks': [],
  'starting_section': 136,
  'task_id': 68,
  'task_sections_cnt': 1,
  'usage_offset': 38750},
 {'dep_offset': 60837,
  'name': 'transpose_xy_planes',
  'parent_ending_section': 525,
  'parent_starting_section': 1,
  'potential_children_tasks': [],
  'starting_section': 138,
  'task_id': 69,
  'task_sections_cnt': 1,
  'usage_offset': 39436},
 {'dep_offset': 61253,
  'name': 'transpose_xy_planes',
  'parent_ending_section': 525,
  'parent_starting_section': 1,
  'potential_children_tasks': [],
  'starting_section': 140,
  'task_id': 70,
  'task_sections_cnt': 1,
  'usage_offset': 40122},
 {'dep_offset': 61669,
  'name': 'transpose_xy_planes',
  'parent_ending_section': 525,
  'parent_starting_section': 1,
  'potential_children_tasks': [],
  'starting_section': 142,
  'task_id': 71,
  'task_sections_cnt': 1,
  'usage_offset': 40808},
 {'dep_offset': 62085,
  'name': 'transpose_xy_planes',
  'parent_ending_section': 525,
  'parent_starting_section': 1,
  'potential_children_tasks': [],
  'starting_section': 144,
  'task_id': 72,
  'task_sections_cnt': 1,
  'usage_offset': 41494},
 {'dep_offset': 62501,
  'name': 'transpose_xy_planes',
  'parent_ending_section': 525,
  'parent_starting_section': 1,
  'potential_children_tasks': [],
  'starting_section': 146,
  'task_id': 73,
  'task_sections_cnt': 1,
  'usage_offset': 42180},
 {'dep_offset': 62917,
  'name': 'transpose_xy_planes',
  'parent_ending_section': 525,
  'parent_starting_section': 1,
  'potential_children_tasks': [],
  'starting_section': 148,
  'task_id': 74,
  'task_sections_cnt': 1,
  'usage_offset': 42866},
 {'dep_offset': 63333,
  'name': 'transpose_xy_planes',
  'parent_ending_section': 525,
  'parent_starting_section': 1,
  'potential_children_tasks': [],
  'starting_section': 150,
  'task_id': 75,
  'task_sections_cnt': 1,
  'usage_offset': 43552},
 {'dep_offset': 63749,
  'name': 'transpose_xy_planes',
  'parent_ending_section': 525,
  'parent_starting_section': 1,
  'potential_children_tasks': [],
  'starting_section': 152,
  'task_id': 76,
  'task_sections_cnt': 1,
  'usage_offset': 44238},
 {'dep_offset': 64165,
  'name': 'transpose_xy_planes',
  'parent_ending_section': 525,
  'parent_starting_section': 1,
  'potential_children_tasks': [],
  'starting_section': 154,
  'task_id': 77,
  'task_sections_cnt': 1,
  'usage_offset': 44924},
 {'dep_offset': 64581,
  'name': 'transpose_xy_planes',
  'parent_ending_section': 525,
  'parent_starting_section': 1,
  'potential_children_tasks': [],
  'starting_section': 156,
  'task_id': 78,
  'task_sections_cnt': 1,
  'usage_offset': 45610},
 {'dep_offset': 64997,
  'name': 'transpose_xy_planes',
  'parent_ending_section': 525,
  'parent_starting_section': 1,
  'potential_children_tasks': [],
  'starting_section': 158,
  'task_id': 79,
  'task_sections_cnt': 1,
  'usage_offset': 46296},
 {'dep_offset': 65413,
  'name': 'transpose_xy_planes',
  'parent_ending_section': 525,
  'parent_starting_section': 1,
  'potential_children_tasks': [],
  'starting_section': 160,
  'task_id': 80,
  'task_sections_cnt': 1,
  'usage_offset': 46982},
 {'dep_offset': 65829,
  'name': 'transpose_xy_planes',
  'parent_ending_section': 525,
  'parent_starting_section': 1,
  'potential_children_tasks': [],
  'starting_section': 162,
  'task_id': 81,
  'task_sections_cnt': 1,
  'usage_offset': 47668},
 {'dep_offset': 66245,
  'name': 'transpose_xy_planes',
  'parent_ending_section': 525,
  'parent_starting_section': 1,
  'potential_children_tasks': [],
  'starting_section': 164,
  'task_id': 82,
  'task_sections_cnt': 1,
  'usage_offset': 48354},
 {'dep_offset': 66661,
  'name': 'transpose_xy_planes',
  'parent_ending_section': 525,
  'parent_starting_section': 1,
  'potential_children_tasks': [],
  'starting_section': 166,
  'task_id': 83,
  'task_sections_cnt': 1,
  'usage_offset': 49040},
 {'dep_offset': 67077,
  'name': 'transpose_xy_planes',
  'parent_ending_section': 525,
  'parent_starting_section': 1,
  'potential_children_tasks': [],
  'starting_section': 168,
  'task_id': 84,
  'task_sections_cnt': 1,
  'usage_offset': 49726},
 {'dep_offset': 67493,
  'name': 'transpose_xy_planes',
  'parent_ending_section': 525,
  'parent_starting_section': 1,
  'potential_children_tasks': [],
  'starting_section': 170,
  'task_id': 85,
  'task_sections_cnt': 1,
  'usage_offset': 50412},
 {'dep_offset': 67909,
  'name': 'transpose_xy_planes',
  'parent_ending_section': 525,
  'parent_starting_section': 1,
  'potential_children_tasks': [],
  'starting_section': 172,
  'task_id': 86,
  'task_sections_cnt': 1,
  'usage_offset': 51098},
 {'dep_offset': 68325,
  'name': 'transpose_xy_planes',
  'parent_ending_section': 525,
  'parent_starting_section': 1,
  'potential_children_tasks': [],
  'starting_section': 174,
  'task_id': 87,
  'task_sections_cnt': 1,
  'usage_offset': 51784},
 {'dep_offset': 68741,
  'name': 'transpose_xy_planes',
  'parent_ending_section': 525,
  'parent_starting_section': 1,
  'potential_children_tasks': [],
  'starting_section': 176,
  'task_id': 88,
  'task_sections_cnt': 1,
  'usage_offset': 52470},
 {'dep_offset': 69157,
  'name': 'transpose_xy_planes',
  'parent_ending_section': 525,
  'parent_starting_section': 1,
  'potential_children_tasks': [],
  'starting_section': 178,
  'task_id': 89,
  'task_sections_cnt': 1,
  'usage_offset': 53156},
 {'dep_offset': 69573,
  'name': 'transpose_xy_planes',
  'parent_ending_section': 525,
  'parent_starting_section': 1,
  'potential_children_tasks': [],
  'starting_section': 180,
  'task_id': 90,
  'task_sections_cnt': 1,
  'usage_offset': 53842},
 {'dep_offset': 69989,
  'name': 'transpose_xy_planes',
  'parent_ending_section': 525,
  'parent_starting_section': 1,
  'potential_children_tasks': [],
  'starting_section': 182,
  'task_id': 91,
  'task_sections_cnt': 1,
  'usage_offset': 54528},
 {'dep_offset': 70405,
  'name': 'transpose_xy_planes',
  'parent_ending_section': 525,
  'parent_starting_section': 1,
  'potential_children_tasks': [],
  'starting_section': 184,
  'task_id': 92,
  'task_sections_cnt': 1,
  'usage_offset': 55214},
 {'dep_offset': 70821,
  'name': 'transpose_xy_planes',
  'parent_ending_section': 525,
  'parent_starting_section': 1,
  'potential_children_tasks': [],
  'starting_section': 186,
  'task_id': 93,
  'task_sections_cnt': 1,
  'usage_offset': 55900},
 {'dep_offset': 71237,
  'name': 'transpose_xy_planes',
  'parent_ending_section': 525,
  'parent_starting_section': 1,
  'potential_children_tasks': [],
  'starting_section': 188,
  'task_id': 94,
  'task_sections_cnt': 1,
  'usage_offset': 56586},
 {'dep_offset': 71653,
  'name': 'transpose_xy_planes',
  'parent_ending_section': 525,
  'parent_starting_section': 1,
  'potential_children_tasks': [],
  'starting_section': 190,
  'task_id': 95,
  'task_sections_cnt': 1,
  'usage_offset': 57272},
 {'dep_offset': 72069,
  'name': 'transpose_xy_planes',
  'parent_ending_section': 525,
  'parent_starting_section': 1,
  'potential_children_tasks': [],
  'starting_section': 192,
  'task_id': 96,
  'task_sections_cnt': 1,
  'usage_offset': 57958},
 {'dep_offset': 72485,
  'name': 'transpose_xy_planes',
  'parent_ending_section': 525,
  'parent_starting_section': 1,
  'potential_children_tasks': [],
  'starting_section': 194,
  'task_id': 97,
  'task_sections_cnt': 1,
  'usage_offset': 58644},
 {'dep_offset': 72901,
  'name': 'transpose_xy_planes',
  'parent_ending_section': 525,
  'parent_starting_section': 1,
  'potential_children_tasks': [],
  'starting_section': 196,
  'task_id': 98,
  'task_sections_cnt': 1,
  'usage_offset': 59330},
 {'dep_offset': 73317,
  'name': 'transpose_xy_planes',
  'parent_ending_section': 525,
  'parent_starting_section': 1,
  'potential_children_tasks': [],
  'starting_section': 198,
  'task_id': 99,
  'task_sections_cnt': 1,
  'usage_offset': 60016},
 {'dep_offset': 73733,
  'name': 'transpose_xy_planes',
  'parent_ending_section': 525,
  'parent_starting_section': 1,
  'potential_children_tasks': [],
  'starting_section': 200,
  'task_id': 100,
  'task_sections_cnt': 1,
  'usage_offset': 60702},
 {'dep_offset': 74153,
  'name': 'transpose_xy_planes',
  'parent_ending_section': 525,
  'parent_starting_section': 1,
  'potential_children_tasks': [],
  'starting_section': 202,
  'task_id': 101,
  'task_sections_cnt': 1,
  'usage_offset': 61390},
 {'dep_offset': 74573,
  'name': 'transpose_xy_planes',
  'parent_ending_section': 525,
  'parent_starting_section': 1,
  'potential_children_tasks': [],
  'starting_section': 204,
  'task_id': 102,
  'task_sections_cnt': 1,
  'usage_offset': 62078},
 {'dep_offset': 74993,
  'name': 'transpose_xy_planes',
  'parent_ending_section': 525,
  'parent_starting_section': 1,
  'potential_children_tasks': [],
  'starting_section': 206,
  'task_id': 103,
  'task_sections_cnt': 1,
  'usage_offset': 62766},
 {'dep_offset': 75413,
  'name': 'transpose_xy_planes',
  'parent_ending_section': 525,
  'parent_starting_section': 1,
  'potential_children_tasks': [],
  'starting_section': 208,
  'task_id': 104,
  'task_sections_cnt': 1,
  'usage_offset': 63454},
 {'dep_offset': 75833,
  'name': 'transpose_xy_planes',
  'parent_ending_section': 525,
  'parent_starting_section': 1,
  'potential_children_tasks': [],
  'starting_section': 210,
  'task_id': 105,
  'task_sections_cnt': 1,
  'usage_offset': 64142},
 {'dep_offset': 76253,
  'name': 'transpose_xy_planes',
  'parent_ending_section': 525,
  'parent_starting_section': 1,
  'potential_children_tasks': [],
  'starting_section': 212,
  'task_id': 106,
  'task_sections_cnt': 1,
  'usage_offset': 64830},
 {'dep_offset': 76673,
  'name': 'transpose_xy_planes',
  'parent_ending_section': 525,
  'parent_starting_section': 1,
  'potential_children_tasks': [],
  'starting_section': 214,
  'task_id': 107,
  'task_sections_cnt': 1,
  'usage_offset': 65518},
 {'dep_offset': 77093,
  'name': 'transpose_xy_planes',
  'parent_ending_section': 525,
  'parent_starting_section': 1,
  'potential_children_tasks': [],
  'starting_section': 216,
  'task_id': 108,
  'task_sections_cnt': 1,
  'usage_offset': 66206},
 {'dep_offset': 77513,
  'name': 'transpose_xy_planes',
  'parent_ending_section': 525,
  'parent_starting_section': 1,
  'potential_children_tasks': [],
  'starting_section': 218,
  'task_id': 109,
  'task_sections_cnt': 1,
  'usage_offset': 66894},
 {'dep_offset': 77933,
  'name': 'transpose_xy_planes',
  'parent_ending_section': 525,
  'parent_starting_section': 1,
  'potential_children_tasks': [],
  'starting_section': 220,
  'task_id': 110,
  'task_sections_cnt': 1,
  'usage_offset': 67582},
 {'dep_offset': 78353,
  'name': 'transpose_xy_planes',
  'parent_ending_section': 525,
  'parent_starting_section': 1,
  'potential_children_tasks': [],
  'starting_section': 222,
  'task_id': 111,
  'task_sections_cnt': 1,
  'usage_offset': 68270},
 {'dep_offset': 78773,
  'name': 'transpose_xy_planes',
  'parent_ending_section': 525,
  'parent_starting_section': 1,
  'potential_children_tasks': [],
  'starting_section': 224,
  'task_id': 112,
  'task_sections_cnt': 1,
  'usage_offset': 68958},
 {'dep_offset': 79193,
  'name': 'transpose_xy_planes',
  'parent_ending_section': 525,
  'parent_starting_section': 1,
  'potential_children_tasks': [],
  'starting_section': 226,
  'task_id': 113,
  'task_sections_cnt': 1,
  'usage_offset': 69646},
 {'dep_offset': 79613,
  'name': 'transpose_xy_planes',
  'parent_ending_section': 525,
  'parent_starting_section': 1,
  'potential_children_tasks': [],
  'starting_section': 228,
  'task_id': 114,
  'task_sections_cnt': 1,
  'usage_offset': 70334},
 {'dep_offset': 80033,
  'name': 'transpose_xy_planes',
  'parent_ending_section': 525,
  'parent_starting_section': 1,
  'potential_children_tasks': [],
  'starting_section': 230,
  'task_id': 115,
  'task_sections_cnt': 1,
  'usage_offset': 71022},
 {'dep_offset': 80453,
  'name': 'transpose_xy_planes',
  'parent_ending_section': 525,
  'parent_starting_section': 1,
  'potential_children_tasks': [],
  'starting_section': 232,
  'task_id': 116,
  'task_sections_cnt': 1,
  'usage_offset': 71710},
 {'dep_offset': 80873,
  'name': 'transpose_xy_planes',
  'parent_ending_section': 525,
  'parent_starting_section': 1,
  'potential_children_tasks': [],
  'starting_section': 234,
  'task_id': 117,
  'task_sections_cnt': 1,
  'usage_offset': 72398},
 {'dep_offset': 81294,
  'name': 'transpose_xy_planes',
  'parent_ending_section': 525,
  'parent_starting_section': 1,
  'potential_children_tasks': [],
  'starting_section': 236,
  'task_id': 118,
  'task_sections_cnt': 1,
  'usage_offset': 73086},
 {'dep_offset': 81715,
  'name': 'transpose_xy_planes',
  'parent_ending_section': 525,
  'parent_starting_section': 1,
  'potential_children_tasks': [],
  'starting_section': 238,
  'task_id': 119,
  'task_sections_cnt': 1,
  'usage_offset': 73774},
 {'dep_offset': 82136,
  'name': 'transpose_xy_planes',
  'parent_ending_section': 525,
  'parent_starting_section': 1,
  'potential_children_tasks': [],
  'starting_section': 240,
  'task_id': 120,
  'task_sections_cnt': 1,
  'usage_offset': 74462},
 {'dep_offset': 82557,
  'name': 'transpose_xy_planes',
  'parent_ending_section': 525,
  'parent_starting_section': 1,
  'potential_children_tasks': [],
  'starting_section': 242,
  'task_id': 121,
  'task_sections_cnt': 1,
  'usage_offset': 75150},
 {'dep_offset': 82978,
  'name': 'transpose_xy_planes',
  'parent_ending_section': 525,
  'parent_starting_section': 1,
  'potential_children_tasks': [],
  'starting_section': 244,
  'task_id': 122,
  'task_sections_cnt': 1,
  'usage_offset': 75838},
 {'dep_offset': 83399,
  'name': 'hello_its_me',
  'parent_ending_section': 525,
  'parent_starting_section': 1,
  'potential_children_tasks': [],
  'starting_section': 246,
  'task_id': 123,
  'task_sections_cnt': 1,
  'usage_offset': 76526},
 {'dep_offset': 85039,
  'name': 'hello_its_me',
  'parent_ending_section': 525,
  'parent_starting_section': 1,
  'potential_children_tasks': [],
  'starting_section': 248,
  'task_id': 124,
  'task_sections_cnt': 1,
  'usage_offset': 76877},
 {'dep_offset': 86861,
  'name': 'hello_its_me',
  'parent_ending_section': 525,
  'parent_starting_section': 1,
  'potential_children_tasks': [],
  'starting_section': 250,
  'task_id': 125,
  'task_sections_cnt': 1,
  'usage_offset': 77240},
 {'dep_offset': 88733,
  'name': 'hello_its_me',
  'parent_ending_section': 525,
  'parent_starting_section': 1,
  'potential_children_tasks': [],
  'starting_section': 252,
  'task_id': 126,
  'task_sections_cnt': 1,
  'usage_offset': 77607},
 {'dep_offset': 90605,
  'name': 'hello_its_me',
  'parent_ending_section': 525,
  'parent_starting_section': 1,
  'potential_children_tasks': [],
  'starting_section': 254,
  'task_id': 127,
  'task_sections_cnt': 1,
  'usage_offset': 77974},
 {'dep_offset': 92477,
  'name': 'hello_its_me',
  'parent_ending_section': 525,
  'parent_starting_section': 1,
  'potential_children_tasks': [],
  'starting_section': 256,
  'task_id': 128,
  'task_sections_cnt': 1,
  'usage_offset': 78341},
 {'dep_offset': 94349,
  'name': 'hello_its_me',
  'parent_ending_section': 525,
  'parent_starting_section': 1,
  'potential_children_tasks': [],
  'starting_section': 258,
  'task_id': 129,
  'task_sections_cnt': 1,
  'usage_offset': 78708},
 {'dep_offset': 96221,
  'name': 'hello_its_me',
  'parent_ending_section': 525,
  'parent_starting_section': 1,
  'potential_children_tasks': [],
  'starting_section': 260,
  'task_id': 130,
  'task_sections_cnt': 1,
  'usage_offset': 79075},
 {'dep_offset': 98096,
  'name': 'hello_its_me',
  'parent_ending_section': 525,
  'parent_starting_section': 1,
  'potential_children_tasks': [],
  'starting_section': 262,
  'task_id': 131,
  'task_sections_cnt': 1,
  'usage_offset': 79442},
 {'dep_offset': 99978,
  'name': 'hello_its_me',
  'parent_ending_section': 525,
  'parent_starting_section': 1,
  'potential_children_tasks': [],
  'starting_section': 264,
  'task_id': 132,
  'task_sections_cnt': 1,
  'usage_offset': 79809},
 {'dep_offset': 101861,
  'name': 'transpose_zx_planes',
  'parent_ending_section': 525,
  'parent_starting_section': 1,
  'potential_children_tasks': [],
  'starting_section': 266,
  'task_id': 133,
  'task_sections_cnt': 1,
  'usage_offset': 80176},
 {'dep_offset': 103718,
  'name': 'transpose_zx_planes',
  'parent_ending_section': 525,
  'parent_starting_section': 1,
  'potential_children_tasks': [],
  'starting_section': 268,
  'task_id': 134,
  'task_sections_cnt': 1,
  'usage_offset': 82710},
 {'dep_offset': 105579,
  'name': 'transpose_zx_planes',
  'parent_ending_section': 525,
  'parent_starting_section': 1,
  'potential_children_tasks': [],
  'starting_section': 270,
  'task_id': 135,
  'task_sections_cnt': 1,
  'usage_offset': 85252},
 {'dep_offset': 107443,
  'name': 'transpose_zx_planes',
  'parent_ending_section': 525,
  'parent_starting_section': 1,
  'potential_children_tasks': [],
  'starting_section': 272,
  'task_id': 136,
  'task_sections_cnt': 1,
  'usage_offset': 87800},
 {'dep_offset': 109308,
  'name': 'transpose_zx_planes',
  'parent_ending_section': 525,
  'parent_starting_section': 1,
  'potential_children_tasks': [],
  'starting_section': 274,
  'task_id': 137,
  'task_sections_cnt': 1,
  'usage_offset': 90350},
 {'dep_offset': 111174,
  'name': 'transpose_zx_planes',
  'parent_ending_section': 525,
  'parent_starting_section': 1,
  'potential_children_tasks': [],
  'starting_section': 276,
  'task_id': 138,
  'task_sections_cnt': 1,
  'usage_offset': 92902},
 {'dep_offset': 113041,
  'name': 'transpose_zx_planes',
  'parent_ending_section': 525,
  'parent_starting_section': 1,
  'potential_children_tasks': [],
  'starting_section': 278,
  'task_id': 139,
  'task_sections_cnt': 1,
  'usage_offset': 95456},
 {'dep_offset': 114908,
  'name': 'transpose_zx_planes',
  'parent_ending_section': 525,
  'parent_starting_section': 1,
  'potential_children_tasks': [],
  'starting_section': 280,
  'task_id': 140,
  'task_sections_cnt': 1,
  'usage_offset': 98010},
 {'dep_offset': 116775,
  'name': 'transpose_zx_planes',
  'parent_ending_section': 525,
  'parent_starting_section': 1,
  'potential_children_tasks': [],
  'starting_section': 282,
  'task_id': 141,
  'task_sections_cnt': 1,
  'usage_offset': 100564},
 {'dep_offset': 118642,
  'name': 'transpose_zx_planes',
  'parent_ending_section': 525,
  'parent_starting_section': 1,
  'potential_children_tasks': [],
  'starting_section': 284,
  'task_id': 142,
  'task_sections_cnt': 1,
  'usage_offset': 103118},
 {'dep_offset': 120509,
  'name': 'hello_its_me',
  'parent_ending_section': 525,
  'parent_starting_section': 1,
  'potential_children_tasks': [],
  'starting_section': 286,
  'task_id': 143,
  'task_sections_cnt': 1,
  'usage_offset': 105672},
 {'dep_offset': 122169,
  'name': 'hello_its_me',
  'parent_ending_section': 525,
  'parent_starting_section': 1,
  'potential_children_tasks': [],
  'starting_section': 288,
  'task_id': 144,
  'task_sections_cnt': 1,
  'usage_offset': 106023},
 {'dep_offset': 124011,
  'name': 'hello_its_me',
  'parent_ending_section': 525,
  'parent_starting_section': 1,
  'potential_children_tasks': [],
  'starting_section': 290,
  'task_id': 145,
  'task_sections_cnt': 1,
  'usage_offset': 106386},
 {'dep_offset': 125903,
  'name': 'hello_its_me',
  'parent_ending_section': 525,
  'parent_starting_section': 1,
  'potential_children_tasks': [],
  'starting_section': 292,
  'task_id': 146,
  'task_sections_cnt': 1,
  'usage_offset': 106753},
 {'dep_offset': 127795,
  'name': 'hello_its_me',
  'parent_ending_section': 525,
  'parent_starting_section': 1,
  'potential_children_tasks': [],
  'starting_section': 294,
  'task_id': 147,
  'task_sections_cnt': 1,
  'usage_offset': 107120},
 {'dep_offset': 129687,
  'name': 'hello_its_me',
  'parent_ending_section': 525,
  'parent_starting_section': 1,
  'potential_children_tasks': [],
  'starting_section': 296,
  'task_id': 148,
  'task_sections_cnt': 1,
  'usage_offset': 107487},
 {'dep_offset': 131579,
  'name': 'hello_its_me',
  'parent_ending_section': 525,
  'parent_starting_section': 1,
  'potential_children_tasks': [],
  'starting_section': 298,
  'task_id': 149,
  'task_sections_cnt': 1,
  'usage_offset': 107854},
 {'dep_offset': 133471,
  'name': 'hello_its_me',
  'parent_ending_section': 525,
  'parent_starting_section': 1,
  'potential_children_tasks': [],
  'starting_section': 300,
  'task_id': 150,
  'task_sections_cnt': 1,
  'usage_offset': 108221},
 {'dep_offset': 135363,
  'name': 'hello_its_me',
  'parent_ending_section': 525,
  'parent_starting_section': 1,
  'potential_children_tasks': [],
  'starting_section': 302,
  'task_id': 151,
  'task_sections_cnt': 1,
  'usage_offset': 108588},
 {'dep_offset': 137255,
  'name': 'hello_its_me',
  'parent_ending_section': 525,
  'parent_starting_section': 1,
  'potential_children_tasks': [],
  'starting_section': 304,
  'task_id': 152,
  'task_sections_cnt': 1,
  'usage_offset': 108955},
 {'dep_offset': 139147,
  'name': 'transpose_zx_planes',
  'parent_ending_section': 525,
  'parent_starting_section': 1,
  'potential_children_tasks': [],
  'starting_section': 306,
  'task_id': 153,
  'task_sections_cnt': 1,
  'usage_offset': 109322},
 {'dep_offset': 145954,
  'name': 'transpose_zx_planes',
  'parent_ending_section': 525,
  'parent_starting_section': 1,
  'potential_children_tasks': [],
  'starting_section': 308,
  'task_id': 154,
  'task_sections_cnt': 1,
  'usage_offset': 111856},
 {'dep_offset': 152765,
  'name': 'transpose_zx_planes',
  'parent_ending_section': 525,
  'parent_starting_section': 1,
  'potential_children_tasks': [],
  'starting_section': 310,
  'task_id': 155,
  'task_sections_cnt': 1,
  'usage_offset': 114398},
 {'dep_offset': 159579,
  'name': 'transpose_zx_planes',
  'parent_ending_section': 525,
  'parent_starting_section': 1,
  'potential_children_tasks': [],
  'starting_section': 312,
  'task_id': 156,
  'task_sections_cnt': 1,
  'usage_offset': 116946},
 {'dep_offset': 166394,
  'name': 'transpose_zx_planes',
  'parent_ending_section': 525,
  'parent_starting_section': 1,
  'potential_children_tasks': [],
  'starting_section': 314,
  'task_id': 157,
  'task_sections_cnt': 1,
  'usage_offset': 119496},
 {'dep_offset': 173210,
  'name': 'transpose_zx_planes',
  'parent_ending_section': 525,
  'parent_starting_section': 1,
  'potential_children_tasks': [],
  'starting_section': 316,
  'task_id': 158,
  'task_sections_cnt': 1,
  'usage_offset': 122048},
 {'dep_offset': 180027,
  'name': 'transpose_zx_planes',
  'parent_ending_section': 525,
  'parent_starting_section': 1,
  'potential_children_tasks': [],
  'starting_section': 318,
  'task_id': 159,
  'task_sections_cnt': 1,
  'usage_offset': 124602},
 {'dep_offset': 186844,
  'name': 'transpose_zx_planes',
  'parent_ending_section': 525,
  'parent_starting_section': 1,
  'potential_children_tasks': [],
  'starting_section': 320,
  'task_id': 160,
  'task_sections_cnt': 1,
  'usage_offset': 127156},
 {'dep_offset': 193661,
  'name': 'transpose_zx_planes',
  'parent_ending_section': 525,
  'parent_starting_section': 1,
  'potential_children_tasks': [],
  'starting_section': 322,
  'task_id': 161,
  'task_sections_cnt': 1,
  'usage_offset': 129710},
 {'dep_offset': 200478,
  'name': 'transpose_zx_planes',
  'parent_ending_section': 525,
  'parent_starting_section': 1,
  'potential_children_tasks': [],
  'starting_section': 324,
  'task_id': 162,
  'task_sections_cnt': 1,
  'usage_offset': 132264},
 {'dep_offset': 207295,
  'name': 'transpose_xy_planes',
  'parent_ending_section': 525,
  'parent_starting_section': 1,
  'potential_children_tasks': [],
  'starting_section': 326,
  'task_id': 163,
  'task_sections_cnt': 1,
  'usage_offset': 134818},
 {'dep_offset': 208144,
  'name': 'transpose_xy_planes',
  'parent_ending_section': 525,
  'parent_starting_section': 1,
  'potential_children_tasks': [],
  'starting_section': 328,
  'task_id': 164,
  'task_sections_cnt': 1,
  'usage_offset': 135444},
 {'dep_offset': 209011,
  'name': 'transpose_xy_planes',
  'parent_ending_section': 525,
  'parent_starting_section': 1,
  'potential_children_tasks': [],
  'starting_section': 330,
  'task_id': 165,
  'task_sections_cnt': 1,
  'usage_offset': 136076},
 {'dep_offset': 209883,
  'name': 'transpose_xy_planes',
  'parent_ending_section': 525,
  'parent_starting_section': 1,
  'potential_children_tasks': [],
  'starting_section': 332,
  'task_id': 166,
  'task_sections_cnt': 1,
  'usage_offset': 136714},
 {'dep_offset': 210755,
  'name': 'transpose_xy_planes',
  'parent_ending_section': 525,
  'parent_starting_section': 1,
  'potential_children_tasks': [],
  'starting_section': 334,
  'task_id': 167,
  'task_sections_cnt': 1,
  'usage_offset': 137354},
 {'dep_offset': 211627,
  'name': 'transpose_xy_planes',
  'parent_ending_section': 525,
  'parent_starting_section': 1,
  'potential_children_tasks': [],
  'starting_section': 336,
  'task_id': 168,
  'task_sections_cnt': 1,
  'usage_offset': 137994},
 {'dep_offset': 212499,
  'name': 'transpose_xy_planes',
  'parent_ending_section': 525,
  'parent_starting_section': 1,
  'potential_children_tasks': [],
  'starting_section': 338,
  'task_id': 169,
  'task_sections_cnt': 1,
  'usage_offset': 138634},
 {'dep_offset': 213371,
  'name': 'transpose_xy_planes',
  'parent_ending_section': 525,
  'parent_starting_section': 1,
  'potential_children_tasks': [],
  'starting_section': 340,
  'task_id': 170,
  'task_sections_cnt': 1,
  'usage_offset': 139274},
 {'dep_offset': 214243,
  'name': 'transpose_xy_planes',
  'parent_ending_section': 525,
  'parent_starting_section': 1,
  'potential_children_tasks': [],
  'starting_section': 342,
  'task_id': 171,
  'task_sections_cnt': 1,
  'usage_offset': 139914},
 {'dep_offset': 215115,
  'name': 'transpose_xy_planes',
  'parent_ending_section': 525,
  'parent_starting_section': 1,
  'potential_children_tasks': [],
  'starting_section': 344,
  'task_id': 172,
  'task_sections_cnt': 1,
  'usage_offset': 140554},
 {'dep_offset': 215987,
  'name': 'transpose_xy_planes',
  'parent_ending_section': 525,
  'parent_starting_section': 1,
  'potential_children_tasks': [],
  'starting_section': 346,
  'task_id': 173,
  'task_sections_cnt': 1,
  'usage_offset': 141194},
 {'dep_offset': 216859,
  'name': 'transpose_xy_planes',
  'parent_ending_section': 525,
  'parent_starting_section': 1,
  'potential_children_tasks': [],
  'starting_section': 348,
  'task_id': 174,
  'task_sections_cnt': 1,
  'usage_offset': 141866},
 {'dep_offset': 217731,
  'name': 'transpose_xy_planes',
  'parent_ending_section': 525,
  'parent_starting_section': 1,
  'potential_children_tasks': [],
  'starting_section': 350,
  'task_id': 175,
  'task_sections_cnt': 1,
  'usage_offset': 142538},
 {'dep_offset': 218614,
  'name': 'transpose_xy_planes',
  'parent_ending_section': 525,
  'parent_starting_section': 1,
  'potential_children_tasks': [],
  'starting_section': 352,
  'task_id': 176,
  'task_sections_cnt': 1,
  'usage_offset': 143212},
 {'dep_offset': 219506,
  'name': 'transpose_xy_planes',
  'parent_ending_section': 525,
  'parent_starting_section': 1,
  'potential_children_tasks': [],
  'starting_section': 354,
  'task_id': 177,
  'task_sections_cnt': 1,
  'usage_offset': 143888},
 {'dep_offset': 220398,
  'name': 'transpose_xy_planes',
  'parent_ending_section': 525,
  'parent_starting_section': 1,
  'potential_children_tasks': [],
  'starting_section': 356,
  'task_id': 178,
  'task_sections_cnt': 1,
  'usage_offset': 144566},
 {'dep_offset': 221290,
  'name': 'transpose_xy_planes',
  'parent_ending_section': 525,
  'parent_starting_section': 1,
  'potential_children_tasks': [],
  'starting_section': 358,
  'task_id': 179,
  'task_sections_cnt': 1,
  'usage_offset': 145246},
 {'dep_offset': 222182,
  'name': 'transpose_xy_planes',
  'parent_ending_section': 525,
  'parent_starting_section': 1,
  'potential_children_tasks': [],
  'starting_section': 360,
  'task_id': 180,
  'task_sections_cnt': 1,
  'usage_offset': 145926},
 {'dep_offset': 223074,
  'name': 'transpose_xy_planes',
  'parent_ending_section': 525,
  'parent_starting_section': 1,
  'potential_children_tasks': [],
  'starting_section': 362,
  'task_id': 181,
  'task_sections_cnt': 1,
  'usage_offset': 146606},
 {'dep_offset': 223966,
  'name': 'transpose_xy_planes',
  'parent_ending_section': 525,
  'parent_starting_section': 1,
  'potential_children_tasks': [],
  'starting_section': 364,
  'task_id': 182,
  'task_sections_cnt': 1,
  'usage_offset': 147286},
 {'dep_offset': 224858,
  'name': 'transpose_xy_planes',
  'parent_ending_section': 525,
  'parent_starting_section': 1,
  'potential_children_tasks': [],
  'starting_section': 366,
  'task_id': 183,
  'task_sections_cnt': 1,
  'usage_offset': 147966},
 {'dep_offset': 225750,
  'name': 'transpose_xy_planes',
  'parent_ending_section': 525,
  'parent_starting_section': 1,
  'potential_children_tasks': [],
  'starting_section': 368,
  'task_id': 184,
  'task_sections_cnt': 1,
  'usage_offset': 148654},
 {'dep_offset': 226642,
  'name': 'transpose_xy_planes',
  'parent_ending_section': 525,
  'parent_starting_section': 1,
  'potential_children_tasks': [],
  'starting_section': 370,
  'task_id': 185,
  'task_sections_cnt': 1,
  'usage_offset': 149342},
 {'dep_offset': 227534,
  'name': 'transpose_xy_planes',
  'parent_ending_section': 525,
  'parent_starting_section': 1,
  'potential_children_tasks': [],
  'starting_section': 372,
  'task_id': 186,
  'task_sections_cnt': 1,
  'usage_offset': 150030},
 {'dep_offset': 228426,
  'name': 'transpose_xy_planes',
  'parent_ending_section': 525,
  'parent_starting_section': 1,
  'potential_children_tasks': [],
  'starting_section': 374,
  'task_id': 187,
  'task_sections_cnt': 1,
  'usage_offset': 150718},
 {'dep_offset': 229318,
  'name': 'transpose_xy_planes',
  'parent_ending_section': 525,
  'parent_starting_section': 1,
  'potential_children_tasks': [],
  'starting_section': 376,
  'task_id': 188,
  'task_sections_cnt': 1,
  'usage_offset': 151406},
 {'dep_offset': 230210,
  'name': 'transpose_xy_planes',
  'parent_ending_section': 525,
  'parent_starting_section': 1,
  'potential_children_tasks': [],
  'starting_section': 378,
  'task_id': 189,
  'task_sections_cnt': 1,
  'usage_offset': 152094},
 {'dep_offset': 231102,
  'name': 'transpose_xy_planes',
  'parent_ending_section': 525,
  'parent_starting_section': 1,
  'potential_children_tasks': [],
  'starting_section': 380,
  'task_id': 190,
  'task_sections_cnt': 1,
  'usage_offset': 152782},
 {'dep_offset': 231994,
  'name': 'transpose_xy_planes',
  'parent_ending_section': 525,
  'parent_starting_section': 1,
  'potential_children_tasks': [],
  'starting_section': 382,
  'task_id': 191,
  'task_sections_cnt': 1,
  'usage_offset': 153470},
 {'dep_offset': 232886,
  'name': 'transpose_xy_planes',
  'parent_ending_section': 525,
  'parent_starting_section': 1,
  'potential_children_tasks': [],
  'starting_section': 384,
  'task_id': 192,
  'task_sections_cnt': 1,
  'usage_offset': 154158},
 {'dep_offset': 233778,
  'name': 'transpose_xy_planes',
  'parent_ending_section': 525,
  'parent_starting_section': 1,
  'potential_children_tasks': [],
  'starting_section': 386,
  'task_id': 193,
  'task_sections_cnt': 1,
  'usage_offset': 154846},
 {'dep_offset': 234670,
  'name': 'transpose_xy_planes',
  'parent_ending_section': 525,
  'parent_starting_section': 1,
  'potential_children_tasks': [],
  'starting_section': 388,
  'task_id': 194,
  'task_sections_cnt': 1,
  'usage_offset': 155534},
 {'dep_offset': 235562,
  'name': 'transpose_xy_planes',
  'parent_ending_section': 525,
  'parent_starting_section': 1,
  'potential_children_tasks': [],
  'starting_section': 390,
  'task_id': 195,
  'task_sections_cnt': 1,
  'usage_offset': 156222},
 {'dep_offset': 236454,
  'name': 'transpose_xy_planes',
  'parent_ending_section': 525,
  'parent_starting_section': 1,
  'potential_children_tasks': [],
  'starting_section': 392,
  'task_id': 196,
  'task_sections_cnt': 1,
  'usage_offset': 156910},
 {'dep_offset': 237346,
  'name': 'transpose_xy_planes',
  'parent_ending_section': 525,
  'parent_starting_section': 1,
  'potential_children_tasks': [],
  'starting_section': 394,
  'task_id': 197,
  'task_sections_cnt': 1,
  'usage_offset': 157598},
 {'dep_offset': 238238,
  'name': 'transpose_xy_planes',
  'parent_ending_section': 525,
  'parent_starting_section': 1,
  'potential_children_tasks': [],
  'starting_section': 396,
  'task_id': 198,
  'task_sections_cnt': 1,
  'usage_offset': 158286},
 {'dep_offset': 239130,
  'name': 'transpose_xy_planes',
  'parent_ending_section': 525,
  'parent_starting_section': 1,
  'potential_children_tasks': [],
  'starting_section': 398,
  'task_id': 199,
  'task_sections_cnt': 1,
  'usage_offset': 158974},
 {'dep_offset': 240022,
  'name': 'transpose_xy_planes',
  'parent_ending_section': 525,
  'parent_starting_section': 1,
  'potential_children_tasks': [],
  'starting_section': 400,
  'task_id': 200,
  'task_sections_cnt': 1,
  'usage_offset': 159662},
 {'dep_offset': 240914,
  'name': 'transpose_xy_planes',
  'parent_ending_section': 525,
  'parent_starting_section': 1,
  'potential_children_tasks': [],
  'starting_section': 402,
  'task_id': 201,
  'task_sections_cnt': 1,
  'usage_offset': 160350},
 {'dep_offset': 241806,
  'name': 'transpose_xy_planes',
  'parent_ending_section': 525,
  'parent_starting_section': 1,
  'potential_children_tasks': [],
  'starting_section': 404,
  'task_id': 202,
  'task_sections_cnt': 1,
  'usage_offset': 161038},
 {'dep_offset': 242698,
  'name': 'transpose_xy_planes',
  'parent_ending_section': 525,
  'parent_starting_section': 1,
  'potential_children_tasks': [],
  'starting_section': 406,
  'task_id': 203,
  'task_sections_cnt': 1,
  'usage_offset': 161726},
 {'dep_offset': 243590,
  'name': 'transpose_xy_planes',
  'parent_ending_section': 525,
  'parent_starting_section': 1,
  'potential_children_tasks': [],
  'starting_section': 408,
  'task_id': 204,
  'task_sections_cnt': 1,
  'usage_offset': 162414},
 {'dep_offset': 244482,
  'name': 'transpose_xy_planes',
  'parent_ending_section': 525,
  'parent_starting_section': 1,
  'potential_children_tasks': [],
  'starting_section': 410,
  'task_id': 205,
  'task_sections_cnt': 1,
  'usage_offset': 163102},
 {'dep_offset': 245374,
  'name': 'transpose_xy_planes',
  'parent_ending_section': 525,
  'parent_starting_section': 1,
  'potential_children_tasks': [],
  'starting_section': 412,
  'task_id': 206,
  'task_sections_cnt': 1,
  'usage_offset': 163790},
 {'dep_offset': 246266,
  'name': 'transpose_xy_planes',
  'parent_ending_section': 525,
  'parent_starting_section': 1,
  'potential_children_tasks': [],
  'starting_section': 414,
  'task_id': 207,
  'task_sections_cnt': 1,
  'usage_offset': 164478},
 {'dep_offset': 247158,
  'name': 'transpose_xy_planes',
  'parent_ending_section': 525,
  'parent_starting_section': 1,
  'potential_children_tasks': [],
  'starting_section': 416,
  'task_id': 208,
  'task_sections_cnt': 1,
  'usage_offset': 165166},
 {'dep_offset': 248050,
  'name': 'transpose_xy_planes',
  'parent_ending_section': 525,
  'parent_starting_section': 1,
  'potential_children_tasks': [],
  'starting_section': 418,
  'task_id': 209,
  'task_sections_cnt': 1,
  'usage_offset': 165854},
 {'dep_offset': 248942,
  'name': 'transpose_xy_planes',
  'parent_ending_section': 525,
  'parent_starting_section': 1,
  'potential_children_tasks': [],
  'starting_section': 420,
  'task_id': 210,
  'task_sections_cnt': 1,
  'usage_offset': 166542},
 {'dep_offset': 249834,
  'name': 'transpose_xy_planes',
  'parent_ending_section': 525,
  'parent_starting_section': 1,
  'potential_children_tasks': [],
  'starting_section': 422,
  'task_id': 211,
  'task_sections_cnt': 1,
  'usage_offset': 167230},
 {'dep_offset': 250726,
  'name': 'transpose_xy_planes',
  'parent_ending_section': 525,
  'parent_starting_section': 1,
  'potential_children_tasks': [],
  'starting_section': 424,
  'task_id': 212,
  'task_sections_cnt': 1,
  'usage_offset': 167918},
 {'dep_offset': 251618,
  'name': 'transpose_xy_planes',
  'parent_ending_section': 525,
  'parent_starting_section': 1,
  'potential_children_tasks': [],
  'starting_section': 426,
  'task_id': 213,
  'task_sections_cnt': 1,
  'usage_offset': 168606},
 {'dep_offset': 252510,
  'name': 'transpose_xy_planes',
  'parent_ending_section': 525,
  'parent_starting_section': 1,
  'potential_children_tasks': [],
  'starting_section': 428,
  'task_id': 214,
  'task_sections_cnt': 1,
  'usage_offset': 169294},
 {'dep_offset': 253402,
  'name': 'transpose_xy_planes',
  'parent_ending_section': 525,
  'parent_starting_section': 1,
  'potential_children_tasks': [],
  'starting_section': 430,
  'task_id': 215,
  'task_sections_cnt': 1,
  'usage_offset': 169982},
 {'dep_offset': 254294,
  'name': 'transpose_xy_planes',
  'parent_ending_section': 525,
  'parent_starting_section': 1,
  'potential_children_tasks': [],
  'starting_section': 432,
  'task_id': 216,
  'task_sections_cnt': 1,
  'usage_offset': 170670},
 {'dep_offset': 255186,
  'name': 'transpose_xy_planes',
  'parent_ending_section': 525,
  'parent_starting_section': 1,
  'potential_children_tasks': [],
  'starting_section': 434,
  'task_id': 217,
  'task_sections_cnt': 1,
  'usage_offset': 171358},
 {'dep_offset': 256078,
  'name': 'transpose_xy_planes',
  'parent_ending_section': 525,
  'parent_starting_section': 1,
  'potential_children_tasks': [],
  'starting_section': 436,
  'task_id': 218,
  'task_sections_cnt': 1,
  'usage_offset': 172046},
 {'dep_offset': 256970,
  'name': 'transpose_xy_planes',
  'parent_ending_section': 525,
  'parent_starting_section': 1,
  'potential_children_tasks': [],
  'starting_section': 438,
  'task_id': 219,
  'task_sections_cnt': 1,
  'usage_offset': 172734},
 {'dep_offset': 257862,
  'name': 'transpose_xy_planes',
  'parent_ending_section': 525,
  'parent_starting_section': 1,
  'potential_children_tasks': [],
  'starting_section': 440,
  'task_id': 220,
  'task_sections_cnt': 1,
  'usage_offset': 173422},
 {'dep_offset': 258754,
  'name': 'transpose_xy_planes',
  'parent_ending_section': 525,
  'parent_starting_section': 1,
  'potential_children_tasks': [],
  'starting_section': 442,
  'task_id': 221,
  'task_sections_cnt': 1,
  'usage_offset': 174110},
 {'dep_offset': 259646,
  'name': 'transpose_xy_planes',
  'parent_ending_section': 525,
  'parent_starting_section': 1,
  'potential_children_tasks': [],
  'starting_section': 444,
  'task_id': 222,
  'task_sections_cnt': 1,
  'usage_offset': 174798},
 {'dep_offset': 260538,
  'name': 'transpose_xy_planes',
  'parent_ending_section': 525,
  'parent_starting_section': 1,
  'potential_children_tasks': [],
  'starting_section': 446,
  'task_id': 223,
  'task_sections_cnt': 1,
  'usage_offset': 175486},
 {'dep_offset': 261430,
  'name': 'transpose_xy_planes',
  'parent_ending_section': 525,
  'parent_starting_section': 1,
  'potential_children_tasks': [],
  'starting_section': 448,
  'task_id': 224,
  'task_sections_cnt': 1,
  'usage_offset': 176174},
 {'dep_offset': 262322,
  'name': 'transpose_xy_planes',
  'parent_ending_section': 525,
  'parent_starting_section': 1,
  'potential_children_tasks': [],
  'starting_section': 450,
  'task_id': 225,
  'task_sections_cnt': 1,
  'usage_offset': 176862},
 {'dep_offset': 263214,
  'name': 'transpose_xy_planes',
  'parent_ending_section': 525,
  'parent_starting_section': 1,
  'potential_children_tasks': [],
  'starting_section': 452,
  'task_id': 226,
  'task_sections_cnt': 1,
  'usage_offset': 177550},
 {'dep_offset': 264106,
  'name': 'transpose_xy_planes',
  'parent_ending_section': 525,
  'parent_starting_section': 1,
  'potential_children_tasks': [],
  'starting_section': 454,
  'task_id': 227,
  'task_sections_cnt': 1,
  'usage_offset': 178238},
 {'dep_offset': 264998,
  'name': 'transpose_xy_planes',
  'parent_ending_section': 525,
  'parent_starting_section': 1,
  'potential_children_tasks': [],
  'starting_section': 456,
  'task_id': 228,
  'task_sections_cnt': 1,
  'usage_offset': 178926},
 {'dep_offset': 265890,
  'name': 'transpose_xy_planes',
  'parent_ending_section': 525,
  'parent_starting_section': 1,
  'potential_children_tasks': [],
  'starting_section': 458,
  'task_id': 229,
  'task_sections_cnt': 1,
  'usage_offset': 179614},
 {'dep_offset': 266782,
  'name': 'transpose_xy_planes',
  'parent_ending_section': 525,
  'parent_starting_section': 1,
  'potential_children_tasks': [],
  'starting_section': 460,
  'task_id': 230,
  'task_sections_cnt': 1,
  'usage_offset': 180302},
 {'dep_offset': 267674,
  'name': 'transpose_xy_planes',
  'parent_ending_section': 525,
  'parent_starting_section': 1,
  'potential_children_tasks': [],
  'starting_section': 462,
  'task_id': 231,
  'task_sections_cnt': 1,
  'usage_offset': 180990},
 {'dep_offset': 268566,
  'name': 'transpose_xy_planes',
  'parent_ending_section': 525,
  'parent_starting_section': 1,
  'potential_children_tasks': [],
  'starting_section': 464,
  'task_id': 232,
  'task_sections_cnt': 1,
  'usage_offset': 181678},
 {'dep_offset': 269458,
  'name': 'transpose_xy_planes',
  'parent_ending_section': 525,
  'parent_starting_section': 1,
  'potential_children_tasks': [],
  'starting_section': 466,
  'task_id': 233,
  'task_sections_cnt': 1,
  'usage_offset': 182366},
 {'dep_offset': 270350,
  'name': 'transpose_xy_planes',
  'parent_ending_section': 525,
  'parent_starting_section': 1,
  'potential_children_tasks': [],
  'starting_section': 468,
  'task_id': 234,
  'task_sections_cnt': 1,
  'usage_offset': 183054},
 {'dep_offset': 271242,
  'name': 'transpose_xy_planes',
  'parent_ending_section': 525,
  'parent_starting_section': 1,
  'potential_children_tasks': [],
  'starting_section': 470,
  'task_id': 235,
  'task_sections_cnt': 1,
  'usage_offset': 183742},
 {'dep_offset': 272134,
  'name': 'transpose_xy_planes',
  'parent_ending_section': 525,
  'parent_starting_section': 1,
  'potential_children_tasks': [],
  'starting_section': 472,
  'task_id': 236,
  'task_sections_cnt': 1,
  'usage_offset': 184430},
 {'dep_offset': 273026,
  'name': 'transpose_xy_planes',
  'parent_ending_section': 525,
  'parent_starting_section': 1,
  'potential_children_tasks': [],
  'starting_section': 474,
  'task_id': 237,
  'task_sections_cnt': 1,
  'usage_offset': 185118},
 {'dep_offset': 273918,
  'name': 'transpose_xy_planes',
  'parent_ending_section': 525,
  'parent_starting_section': 1,
  'potential_children_tasks': [],
  'starting_section': 476,
  'task_id': 238,
  'task_sections_cnt': 1,
  'usage_offset': 185806},
 {'dep_offset': 274810,
  'name': 'transpose_xy_planes',
  'parent_ending_section': 525,
  'parent_starting_section': 1,
  'potential_children_tasks': [],
  'starting_section': 478,
  'task_id': 239,
  'task_sections_cnt': 1,
  'usage_offset': 186494},
 {'dep_offset': 275702,
  'name': 'transpose_xy_planes',
  'parent_ending_section': 525,
  'parent_starting_section': 1,
  'potential_children_tasks': [],
  'starting_section': 480,
  'task_id': 240,
  'task_sections_cnt': 1,
  'usage_offset': 187182},
 {'dep_offset': 276594,
  'name': 'transpose_xy_planes',
  'parent_ending_section': 525,
  'parent_starting_section': 1,
  'potential_children_tasks': [],
  'starting_section': 482,
  'task_id': 241,
  'task_sections_cnt': 1,
  'usage_offset': 187870},
 {'dep_offset': 277486,
  'name': 'transpose_xy_planes',
  'parent_ending_section': 525,
  'parent_starting_section': 1,
  'potential_children_tasks': [],
  'starting_section': 484,
  'task_id': 242,
  'task_sections_cnt': 1,
  'usage_offset': 188558},
 {'dep_offset': 278378,
  'name': 'transpose_xy_planes',
  'parent_ending_section': 525,
  'parent_starting_section': 1,
  'potential_children_tasks': [],
  'starting_section': 486,
  'task_id': 243,
  'task_sections_cnt': 1,
  'usage_offset': 189246},
 {'dep_offset': 279270,
  'name': 'transpose_xy_planes',
  'parent_ending_section': 525,
  'parent_starting_section': 1,
  'potential_children_tasks': [],
  'starting_section': 488,
  'task_id': 244,
  'task_sections_cnt': 1,
  'usage_offset': 189934},
 {'dep_offset': 280162,
  'name': 'transpose_xy_planes',
  'parent_ending_section': 525,
  'parent_starting_section': 1,
  'potential_children_tasks': [],
  'starting_section': 490,
  'task_id': 245,
  'task_sections_cnt': 1,
  'usage_offset': 190622},
 {'dep_offset': 281054,
  'name': 'transpose_xy_planes',
  'parent_ending_section': 525,
  'parent_starting_section': 1,
  'potential_children_tasks': [],
  'starting_section': 492,
  'task_id': 246,
  'task_sections_cnt': 1,
  'usage_offset': 191310},
 {'dep_offset': 281946,
  'name': 'transpose_xy_planes',
  'parent_ending_section': 525,
  'parent_starting_section': 1,
  'potential_children_tasks': [],
  'starting_section': 494,
  'task_id': 247,
  'task_sections_cnt': 1,
  'usage_offset': 191998},
 {'dep_offset': 282838,
  'name': 'transpose_xy_planes',
  'parent_ending_section': 525,
  'parent_starting_section': 1,
  'potential_children_tasks': [],
  'starting_section': 496,
  'task_id': 248,
  'task_sections_cnt': 1,
  'usage_offset': 192686},
 {'dep_offset': 283730,
  'name': 'transpose_xy_planes',
  'parent_ending_section': 525,
  'parent_starting_section': 1,
  'potential_children_tasks': [],
  'starting_section': 498,
  'task_id': 249,
  'task_sections_cnt': 1,
  'usage_offset': 193374},
 {'dep_offset': 284623,
  'name': 'transpose_xy_planes',
  'parent_ending_section': 525,
  'parent_starting_section': 1,
  'potential_children_tasks': [],
  'starting_section': 500,
  'task_id': 250,
  'task_sections_cnt': 1,
  'usage_offset': 194062},
 {'dep_offset': 285516,
  'name': 'transpose_xy_planes',
  'parent_ending_section': 525,
  'parent_starting_section': 1,
  'potential_children_tasks': [],
  'starting_section': 502,
  'task_id': 251,
  'task_sections_cnt': 1,
  'usage_offset': 194750},
 {'dep_offset': 286409,
  'name': 'transpose_xy_planes',
  'parent_ending_section': 525,
  'parent_starting_section': 1,
  'potential_children_tasks': [],
  'starting_section': 504,
  'task_id': 252,
  'task_sections_cnt': 1,
  'usage_offset': 195438},
 {'dep_offset': 287302,
  'name': 'transpose_xy_planes',
  'parent_ending_section': 525,
  'parent_starting_section': 1,
  'potential_children_tasks': [],
  'starting_section': 506,
  'task_id': 253,
  'task_sections_cnt': 1,
  'usage_offset': 196126},
 {'dep_offset': 288195,
  'name': 'transpose_xy_planes',
  'parent_ending_section': 525,
  'parent_starting_section': 1,
  'potential_children_tasks': [],
  'starting_section': 508,
  'task_id': 254,
  'task_sections_cnt': 1,
  'usage_offset': 196814},
 {'dep_offset': 289088,
  'name': 'transpose_xy_planes',
  'parent_ending_section': 525,
  'parent_starting_section': 1,
  'potential_children_tasks': [],
  'starting_section': 510,
  'task_id': 255,
  'task_sections_cnt': 1,
  'usage_offset': 197502},
 {'dep_offset': 289981,
  'name': 'transpose_xy_planes',
  'parent_ending_section': 525,
  'parent_starting_section': 1,
  'potential_children_tasks': [],
  'starting_section': 512,
  'task_id': 256,
  'task_sections_cnt': 1,
  'usage_offset': 198190},
 {'dep_offset': 290874,
  'name': 'transpose_xy_planes',
  'parent_ending_section': 525,
  'parent_starting_section': 1,
  'potential_children_tasks': [],
  'starting_section': 514,
  'task_id': 257,
  'task_sections_cnt': 1,
  'usage_offset': 198878},
 {'dep_offset': 291767,
  'name': 'transpose_xy_planes',
  'parent_ending_section': 525,
  'parent_starting_section': 1,
  'potential_children_tasks': [],
  'starting_section': 516,
  'task_id': 258,
  'task_sections_cnt': 1,
  'usage_offset': 199566},
 {'dep_offset': 292660,
  'name': 'transpose_xy_planes',
  'parent_ending_section': 525,
  'parent_starting_section': 1,
  'potential_children_tasks': [],
  'starting_section': 518,
  'task_id': 259,
  'task_sections_cnt': 1,
  'usage_offset': 200254},
 {'dep_offset': 293553,
  'name': 'transpose_xy_planes',
  'parent_ending_section': 525,
  'parent_starting_section': 1,
  'potential_children_tasks': [],
  'starting_section': 520,
  'task_id': 260,
  'task_sections_cnt': 1,
  'usage_offset': 200942},
 {'dep_offset': 294446,
  'name': 'transpose_xy_planes',
  'parent_ending_section': 525,
  'parent_starting_section': 1,
  'potential_children_tasks': [],
  'starting_section': 522,
  'task_id': 261,
  'task_sections_cnt': 1,
  'usage_offset': 201630},
 {'dep_offset': 295339,
  'name': 'transpose_xy_planes',
  'parent_ending_section': 525,
  'parent_starting_section': 1,
  'potential_children_tasks': [],
  'starting_section': 524,
  'task_id': 262,
  'task_sections_cnt': 1,
  'usage_offset': 202318}]
